<?xml version="1.0" encoding="UTF-8"?>
<!-- Generated by org.testng.reporters.JUnitReportReporter -->
<testsuite hostname="DESKTOP-P39CJOI" failures="0" tests="3" name="Runner.Run_test_Script" time="168.160" errors="0" timestamp="2024-01-13T10:59:00 IST" skipped="0">
  <testcase classname="Runner.Run_test_Script" name="Home_Screen" time="80.228"/>
  <system-out/>
  <testcase classname="Runner.Run_test_Script" name="Home_Screen_woman" time="45.275"/>
  <system-out/>
  <testcase classname="Runner.Run_test_Script" name="Home_Screen_Mobile_cover" time="42.657"/>
  <system-out/>
</testsuite> <!-- Runner.Run_test_Script -->
