<?xml version="1.0" encoding="UTF-8"?>
<!-- Generated by org.testng.reporters.JUnitReportReporter -->
<testsuite hostname="DESKTOP-P39CJOI" failures="0" tests="4" name="Runner.Run_test_Script" time="141.930" errors="0" timestamp="2024-01-24T17:58:02 IST" skipped="0">
  <testcase classname="Runner.Run_test_Script" name="Home_Screen_woman" time="19.297"/>
  <system-out/>
  <testcase classname="Runner.Run_test_Script" name="Home_Screen_Mobile_cover" time="24.679"/>
  <system-out/>
  <testcase classname="Runner.Run_test_Script" name="Home_Screen" time="27.803"/>
  <system-out/>
  <testcase classname="Runner.Run_test_Script" name="Next_Page_Header_details" time="70.151"/>
  <system-out/>
</testsuite> <!-- Runner.Run_test_Script -->
