<?xml version="1.0" encoding="UTF-8"?>
<!-- Generated by org.testng.reporters.JUnitReportReporter -->
<testsuite hostname="DESKTOP-P39CJOI" failures="0" tests="4" name="Runner.Run_test_Script" time="115.531" errors="0" timestamp="2024-01-18T22:18:31 IST" skipped="0">
  <testcase classname="Runner.Run_test_Script" name="Home_Screen_woman" time="15.147"/>
  <system-out/>
  <testcase classname="Runner.Run_test_Script" name="Home_Screen_Mobile_cover" time="28.408"/>
  <system-out/>
  <testcase classname="Runner.Run_test_Script" name="Home_Screen" time="25.376"/>
  <system-out/>
  <testcase classname="Runner.Run_test_Script" name="Next_Page_Header_details" time="46.600"/>
  <system-out/>
</testsuite> <!-- Runner.Run_test_Script -->
