<?xml version="1.0" encoding="UTF-8"?>
<!-- Generated by org.testng.reporters.JUnitReportReporter -->
<testsuite hostname="DESKTOP-P39CJOI" failures="0" tests="4" name="Runner.Run_test_Script" time="152.680" errors="0" timestamp="2024-01-26T22:20:03 IST" skipped="0">
  <testcase classname="Runner.Run_test_Script" name="Home_Screen_Mobile_cover" time="17.499"/>
  <system-out/>
  <testcase classname="Runner.Run_test_Script" name="Home_Screen_woman" time="22.755"/>
  <system-out/>
  <testcase classname="Runner.Run_test_Script" name="Home_Screen" time="43.075"/>
  <system-out/>
  <testcase classname="Runner.Run_test_Script" name="Next_Page_Header_details" time="69.351"/>
  <system-out/>
</testsuite> <!-- Runner.Run_test_Script -->
