<?xml version="1.0" encoding="UTF-8"?>
<!-- Generated by org.testng.reporters.JUnitReportReporter -->
<testsuite hostname="DESKTOP-P39CJOI" failures="0" tests="1" name="Runner.Run_test_Script" time="32.394" errors="0" timestamp="2024-01-09T21:54:15 IST" skipped="0">
  <testcase classname="Runner.Run_test_Script" name="Home_Screen" time="32.394"/>
  <system-out/>
</testsuite> <!-- Runner.Run_test_Script -->
