<?xml version="1.0" encoding="UTF-8"?>
<!-- Generated by org.testng.reporters.JUnitReportReporter -->
<testsuite hostname="DESKTOP-P39CJOI" failures="0" tests="4" name="Runner.Run_test_Script" time="152.425" errors="0" timestamp="2024-01-26T22:58:12 IST" skipped="0">
  <testcase classname="Runner.Run_test_Script" name="Home_Screen_woman" time="17.223"/>
  <system-out/>
  <testcase classname="Runner.Run_test_Script" name="Home_Screen_Mobile_cover" time="21.224"/>
  <system-out/>
  <testcase classname="Runner.Run_test_Script" name="Home_Screen" time="26.248"/>
  <system-out/>
  <testcase classname="Runner.Run_test_Script" name="Next_Page_Header_details" time="87.730"/>
  <system-out/>
</testsuite> <!-- Runner.Run_test_Script -->
