<?xml version="1.0" encoding="UTF-8"?>
<!-- Generated by org.testng.reporters.JUnitReportReporter -->
<testsuite hostname="DESKTOP-P39CJOI" failures="0" tests="3" name="Runner.Run_test_Script" time="88.516" errors="0" timestamp="2024-01-13T10:50:03 IST" skipped="0">
  <testcase classname="Runner.Run_test_Script" name="Home_Screen" time="40.080"/>
  <system-out/>
  <testcase classname="Runner.Run_test_Script" name="Home_Screen_woman" time="21.454"/>
  <system-out/>
  <testcase classname="Runner.Run_test_Script" name="Home_Screen_Mobile_cover" time="26.982"/>
  <system-out/>
</testsuite> <!-- Runner.Run_test_Script -->
