<?xml version="1.0" encoding="UTF-8"?>
<!-- Generated by org.testng.reporters.JUnitReportReporter -->
<testsuite hostname="DESKTOP-P39CJOI" failures="0" tests="4" name="Runner.Run_test_Script" time="114.960" errors="0" timestamp="2024-01-24T17:24:04 IST" skipped="0">
  <testcase classname="Runner.Run_test_Script" name="Home_Screen_woman" time="19.054"/>
  <system-out/>
  <testcase classname="Runner.Run_test_Script" name="Home_Screen_Mobile_cover" time="22.700"/>
  <system-out/>
  <testcase classname="Runner.Run_test_Script" name="Home_Screen" time="31.659"/>
  <system-out/>
  <testcase classname="Runner.Run_test_Script" name="Next_Page_Header_details" time="41.547"/>
  <system-out/>
</testsuite> <!-- Runner.Run_test_Script -->
